[debug] [2017-06-25T23:18:07.104Z] ----------------------------------------------------------------------
[debug] [2017-06-25T23:18:07.108Z] Command:      /Users/emiliano/.nvm/versions/node/v7.10.0/bin/node /usr/local/bin/firebase deploy
[debug] [2017-06-25T23:18:07.109Z] CLI Version:  3.9.1
[debug] [2017-06-25T23:18:07.109Z] Platform:     darwin
[debug] [2017-06-25T23:18:07.109Z] Node Version: v7.10.0
[debug] [2017-06-25T23:18:07.110Z] Time:         Sun Jun 25 2017 20:18:07 GMT-0300 (-03)
[debug] [2017-06-25T23:18:07.111Z] ----------------------------------------------------------------------
[debug] 
[debug] [2017-06-25T23:18:07.129Z] > command requires scopes: ["email","openid","https://www.googleapis.com/auth/cloudplatformprojects.readonly","https://www.googleapis.com/auth/firebase","https://www.googleapis.com/auth/cloud-platform"]
[debug] [2017-06-25T23:18:07.129Z] > authorizing via signed-in user
[debug] [2017-06-25T23:18:07.132Z] >>> HTTP REQUEST GET https://admin.firebase.com/v1/projects/bodega-a35c0  
 Sun Jun 25 2017 20:18:07 GMT-0300 (-03)
[debug] [2017-06-25T23:18:07.968Z] <<< HTTP RESPONSE 200
[debug] [2017-06-25T23:18:07.969Z] >>> HTTP REQUEST GET https://admin.firebase.com/v1/database/bodega-a35c0/tokens  
 Sun Jun 25 2017 20:18:07 GMT-0300 (-03)
[debug] [2017-06-25T23:18:08.822Z] <<< HTTP RESPONSE 200
[info] 
[info] === Deploying to 'bodega-a35c0'...
[info] 
[info] i  deploying functions, hosting
[debug] [2017-06-25T23:18:10.353Z] > [functions] package.json contents: {
  "name": "big-ben-functions",
  "description": "A simple endpoint that returns a number of 'BONG' based on the time of day",
  "dependencies": {
    "firebase-admin": "^4.2.1",
    "firebase-functions": "^0.5.5"
  }
}
[info] i  functions: ensuring necessary APIs are enabled...
[info] i  runtimeconfig: ensuring necessary APIs are enabled...
[debug] [2017-06-25T23:18:10.355Z] >>> HTTP REQUEST GET https://servicemanagement.googleapis.com/v1/services/cloudfunctions.googleapis.com/projectSettings/bodega-a35c0?view=CONSUMER_VIEW  
 Sun Jun 25 2017 20:18:10 GMT-0300 (-03)
[debug] [2017-06-25T23:18:10.356Z] >>> HTTP REQUEST GET https://servicemanagement.googleapis.com/v1/services/runtimeconfig.googleapis.com/projectSettings/bodega-a35c0?view=CONSUMER_VIEW  
 Sun Jun 25 2017 20:18:10 GMT-0300 (-03)
[debug] [2017-06-25T23:18:11.661Z] <<< HTTP RESPONSE 200
[info] ✔  runtimeconfig: all necessary APIs are enabled
[debug] [2017-06-25T23:18:11.702Z] <<< HTTP RESPONSE 200
[info] ✔  functions: all necessary APIs are enabled
[debug] [2017-06-25T23:18:11.704Z] >>> HTTP REQUEST GET https://appengine.googleapis.com/v1/apps/bodega-a35c0  
 Sun Jun 25 2017 20:18:11 GMT-0300 (-03)
[debug] [2017-06-25T23:18:11.712Z] >>> HTTP REQUEST GET https://apikeys.googleapis.com/v1/projects/bodega-a35c0/apiKeys  
 Sun Jun 25 2017 20:18:11 GMT-0300 (-03)
[debug] [2017-06-25T23:18:12.645Z] <<< HTTP RESPONSE 200
[debug] [2017-06-25T23:18:13.044Z] <<< HTTP RESPONSE 200
[info] i  functions: preparing functions directory for uploading...
[debug] [2017-06-25T23:18:14.129Z] >>> HTTP REQUEST GET https://runtimeconfig.googleapis.com/v1beta1/projects/bodega-a35c0/configs  
 Sun Jun 25 2017 20:18:14 GMT-0300 (-03)
[debug] [2017-06-25T23:18:15.195Z] <<< HTTP RESPONSE 200
[info] i  functions: packaged functions (4.17 KB) for uploading
[debug] [2017-06-25T23:18:16.530Z] >>> HTTP REQUEST GET https://www.googleapis.com/storage/v1/b/staging.bodega-a35c0.appspot.com  
 Sun Jun 25 2017 20:18:16 GMT-0300 (-03)
[debug] [2017-06-25T23:18:17.622Z] <<< HTTP RESPONSE 200
[debug] [2017-06-25T23:18:17.623Z] >>> HTTP REQUEST POST https://www.googleapis.com/upload/storage/v1/b/staging.bodega-a35c0.appspot.com/o?uploadType=media&name=firebase-functions-source ReadStream {
  _readableState: 
   ReadableState {
     objectMode: false,
     highWaterMark: 65536,
     buffer: BufferList { head: [Object], tail: [Object], length: 1 },
     length: 4271,
     pipes: null,
     pipesCount: 0,
     flowing: null,
     ended: true,
     endEmitted: false,
     reading: false,
     sync: false,
     needReadable: false,
     emittedReadable: true,
     readableListening: false,
     resumeScheduled: false,
     defaultEncoding: 'utf8',
     ranOut: false,
     awaitDrain: 0,
     readingMore: false,
     decoder: null,
     encoding: null },
  readable: true,
  domain: null,
  _events: { end: [Function] },
  _eventsCount: 1,
  _maxListeners: undefined,
  path: '/var/folders/jp/njndjtk93zn4xz2sb_tpy1540000gp/T/firebase-functions-48454vN3ZsoB43nBO.zip',
  fd: 19,
  flags: 'r',
  mode: 438,
  start: undefined,
  end: undefined,
  autoClose: true,
  pos: undefined,
  bytesRead: 4271 } 
 Sun Jun 25 2017 20:18:17 GMT-0300 (-03)
[debug] [2017-06-25T23:18:18.939Z] <<< HTTP RESPONSE 200
[info] ✔  functions: functions folder uploaded successfully
[info] i  hosting: preparing public directory for upload...
[debug] [2017-06-25T23:18:23.228Z] >>> HTTP REQUEST PUT https://deploy.firebase.com/v1/hosting/bodega-a35c0/uploads/-KnWY5BqNsgaGRdam_i5?fileCount=72&message=  
 Sun Jun 25 2017 20:18:23 GMT-0300 (-03)
[debug] [2017-06-25T23:18:58.909Z] <<< HTTP RESPONSE 200
[debug] [2017-06-25T23:18:58.910Z] [hosting] .tgz uploaded successfully, waiting for extraction
[info] ✔  hosting: 72 files uploaded successfully
[info] i  starting release process (may take several minutes)...
[debug] [2017-06-25T23:19:02.717Z] >>> HTTP REQUEST GET https://cloudfunctions.googleapis.com/v1beta2/projects/bodega-a35c0/locations/us-central1/functions  
 Sun Jun 25 2017 20:19:02 GMT-0300 (-03)
[debug] [2017-06-25T23:19:05.234Z] <<< HTTP RESPONSE 200
[info] i  functions: updating function bigben...
[debug] [2017-06-25T23:19:05.241Z] Trigger is: 
[info] i  functions: updating function oauth...
[debug] [2017-06-25T23:19:05.242Z] Trigger is: 
[info] i  functions: updating function southAmerica...
[debug] [2017-06-25T23:19:05.244Z] Trigger is: 
[debug] [2017-06-25T23:19:05.245Z] >>> HTTP REQUEST PUT https://cloudfunctions.googleapis.com/v1beta2/projects/bodega-a35c0/locations/us-central1/functions/bigben { sourceArchiveUrl: 'gs://staging.bodega-a35c0.appspot.com/firebase-functions-source',
  name: 'projects/bodega-a35c0/locations/us-central1/functions/bigben',
  entryPoint: 'bigben',
  timeout: '60s',
  availableMemoryMb: 256,
  httpsTrigger: {} } 
 Sun Jun 25 2017 20:19:05 GMT-0300 (-03)
[debug] [2017-06-25T23:19:05.247Z] >>> HTTP REQUEST PUT https://cloudfunctions.googleapis.com/v1beta2/projects/bodega-a35c0/locations/us-central1/functions/oauth { sourceArchiveUrl: 'gs://staging.bodega-a35c0.appspot.com/firebase-functions-source',
  name: 'projects/bodega-a35c0/locations/us-central1/functions/oauth',
  entryPoint: 'oauth',
  timeout: '60s',
  availableMemoryMb: 256,
  httpsTrigger: {} } 
 Sun Jun 25 2017 20:19:05 GMT-0300 (-03)
[debug] [2017-06-25T23:19:05.248Z] >>> HTTP REQUEST PUT https://cloudfunctions.googleapis.com/v1beta2/projects/bodega-a35c0/locations/us-central1/functions/southAmerica { sourceArchiveUrl: 'gs://staging.bodega-a35c0.appspot.com/firebase-functions-source',
  name: 'projects/bodega-a35c0/locations/us-central1/functions/southAmerica',
  entryPoint: 'southAmerica',
  timeout: '60s',
  availableMemoryMb: 256,
  httpsTrigger: {} } 
 Sun Jun 25 2017 20:19:05 GMT-0300 (-03)
[debug] [2017-06-25T23:19:06.587Z] <<< HTTP RESPONSE 200
[debug] [2017-06-25T23:19:06.590Z] <<< HTTP RESPONSE 200
[debug] [2017-06-25T23:19:06.691Z] <<< HTTP RESPONSE 200
[debug] [2017-06-25T23:19:06.693Z] >>> HTTP REQUEST GET https://cloudfunctions.googleapis.com/v1beta2/projects/bodega-a35c0/locations/us-central1/functions  
 Sun Jun 25 2017 20:19:06 GMT-0300 (-03)
[debug] [2017-06-25T23:19:06.694Z] >>> HTTP REQUEST GET https://cloudfunctions.googleapis.com/v1beta2/operations/Ym9kZWdhLWEzNWMwL3VzLWNlbnRyYWwxL2JpZ2Jlbi91dE8ybGptU1pWdw  
 Sun Jun 25 2017 20:19:06 GMT-0300 (-03)
[debug] [2017-06-25T23:19:06.695Z] >>> HTTP REQUEST GET https://cloudfunctions.googleapis.com/v1beta2/operations/Ym9kZWdhLWEzNWMwL3VzLWNlbnRyYWwxL29hdXRoL3NMeVM2TUxiRVZV  
 Sun Jun 25 2017 20:19:06 GMT-0300 (-03)
[debug] [2017-06-25T23:19:06.697Z] >>> HTTP REQUEST GET https://cloudfunctions.googleapis.com/v1beta2/operations/Ym9kZWdhLWEzNWMwL3VzLWNlbnRyYWwxL3NvdXRoQW1lcmljYS9ZUUZFYVQ5eVpkQQ  
 Sun Jun 25 2017 20:19:06 GMT-0300 (-03)
[debug] [2017-06-25T23:19:08.002Z] <<< HTTP RESPONSE 200
[debug] [2017-06-25T23:19:08.005Z] <<< HTTP RESPONSE 200
[debug] [2017-06-25T23:19:08.006Z] <<< HTTP RESPONSE 200
[debug] [2017-06-25T23:19:08.006Z] [functions] operation poll: bigben: update operations/Ym9kZWdhLWEzNWMwL3VzLWNlbnRyYWwxL2JpZ2Jlbi91dE8ybGptU1pWdw is not done.
[debug] [2017-06-25T23:19:08.006Z] [functions] operation poll: oauth: update operations/Ym9kZWdhLWEzNWMwL3VzLWNlbnRyYWwxL29hdXRoL3NMeVM2TUxiRVZV is not done.
[debug] [2017-06-25T23:19:08.007Z] [functions] operation poll: southAmerica: update operations/Ym9kZWdhLWEzNWMwL3VzLWNlbnRyYWwxL3NvdXRoQW1lcmljYS9ZUUZFYVQ5eVpkQQ is not done.
[debug] [2017-06-25T23:19:08.007Z] <<< HTTP RESPONSE 200
